-------------------------------------------------------------------------------
Test set: TestSuite
-------------------------------------------------------------------------------
Tests run: 4, Failures: 1, Errors: 0, Skipped: 0, Time elapsed: 38.587 s <<< FAILURE! - in TestSuite
SearchScriptTest(Comprehensive.Assessment.TestNGTest)  Time elapsed: 0.021 s  <<< FAILURE!
java.lang.IllegalStateException: The driver executable does not exist: C:\Users\M1073042\Downloads\edgedriver_win64\msedgedriver.exe
	at Comprehensive.Assessment.TestNGTest.SearchScriptTest(TestNGTest.java:33)

